Start testing: May 19 15:45 RTZ 4 (çèìà)
----------------------------------------------------------
1/2 Testing: test_fault_marker
1/2 Test: test_fault_marker
Command: "C:/ST/STM32CubeCLT_1.21.0/jtf407/build_test/test_fault_marker.exe"
Directory: C:/ST/STM32CubeCLT_1.21.0/jtf407/build_test
"test_fault_marker" start time: May 19 15:45 RTZ 4 (çèìà)
Output:
----------------------------------------------------------
C:\ST\STM32CubeCLT_1.21.0\jtf407\test\test_fault_marker.c:171:test_rcc_power_on:PASS
C:\ST\STM32CubeCLT_1.21.0\jtf407\test\test_fault_marker.c:172:test_rcc_software:PASS
C:\ST\STM32CubeCLT_1.21.0\jtf407\test\test_fault_marker.c:173:test_rcc_iwdg:PASS
C:\ST\STM32CubeCLT_1.21.0\jtf407\test\test_fault_marker.c:174:test_rcc_iwdg_takes_priority_over_pin:PASS
C:\ST\STM32CubeCLT_1.21.0\jtf407\test\test_fault_marker.c:175:test_rcc_pin:PASS
C:\ST\STM32CubeCLT_1.21.0\jtf407\test\test_fault_marker.c:176:test_rcc_brown_out:PASS
C:\ST\STM32CubeCLT_1.21.0\jtf407\test\test_fault_marker.c:177:test_rcc_csr_cleared_after_capture:PASS
C:\ST\STM32CubeCLT_1.21.0\jtf407\test\test_fault_marker.c:178:test_rcc_no_flags_means_unknown:PASS
C:\ST\STM32CubeCLT_1.21.0\jtf407\test\test_fault_marker.c:179:test_marker_stack_overflow:PASS
C:\ST\STM32CubeCLT_1.21.0\jtf407\test\test_fault_marker.c:180:test_marker_malloc_fail:PASS
C:\ST\STM32CubeCLT_1.21.0\jtf407\test\test_fault_marker.c:181:test_marker_cleared_after_capture:PASS
C:\ST\STM32CubeCLT_1.21.0\jtf407\test\test_fault_marker.c:182:test_marker_ignored_without_sentinel:PASS
C:\ST\STM32CubeCLT_1.21.0\jtf407\test\test_fault_marker.c:183:test_capture_is_idempotent:PASS
C:\ST\STM32CubeCLT_1.21.0\jtf407\test\test_fault_marker.c:184:test_reason_str_known:PASS
C:\ST\STM32CubeCLT_1.21.0\jtf407\test\test_fault_marker.c:185:test_reason_str_unknown:PASS

-----------------------
15 Tests 0 Failures 0 Ignored 
OK
<end of output>
Test time =   0.02 sec
----------------------------------------------------------
Test Passed.
"test_fault_marker" end time: May 19 15:45 RTZ 4 (çèìà)
"test_fault_marker" time elapsed: 00:00:00
----------------------------------------------------------

2/2 Testing: test_led_dispatch
2/2 Test: test_led_dispatch
Command: "C:/ST/STM32CubeCLT_1.21.0/jtf407/build_test/test_led_dispatch.exe"
Directory: C:/ST/STM32CubeCLT_1.21.0/jtf407/build_test
"test_led_dispatch" start time: May 19 15:45 RTZ 4 (çèìà)
Output:
----------------------------------------------------------
C:\ST\STM32CubeCLT_1.21.0\jtf407\test\test_led_dispatch.c:140:test_led1_on:PASS
C:\ST\STM32CubeCLT_1.21.0\jtf407\test\test_led_dispatch.c:141:test_led2_off:PASS
C:\ST\STM32CubeCLT_1.21.0\jtf407\test\test_led_dispatch.c:142:test_led3_not_exposed:PASS
C:\ST\STM32CubeCLT_1.21.0\jtf407\test\test_led_dispatch.c:143:test_led_all_covers_led1_and_led2_only:PASS
C:\ST\STM32CubeCLT_1.21.0\jtf407\test\test_led_dispatch.c:144:test_relay_on:PASS
C:\ST\STM32CubeCLT_1.21.0\jtf407\test\test_led_dispatch.c:145:test_relay_off:PASS
C:\ST\STM32CubeCLT_1.21.0\jtf407\test\test_led_dispatch.c:146:test_old_relay_1_no_longer_routes:PASS
C:\ST\STM32CubeCLT_1.21.0\jtf407\test\test_led_dispatch.c:147:test_old_relay_all_no_longer_routes:PASS
C:\ST\STM32CubeCLT_1.21.0\jtf407\test\test_led_dispatch.c:148:test_payload_other_chars_treated_as_off:PASS
C:\ST\STM32CubeCLT_1.21.0\jtf407\test\test_led_dispatch.c:149:test_empty_payload_is_noop_for_led:PASS
C:\ST\STM32CubeCLT_1.21.0\jtf407\test\test_led_dispatch.c:150:test_null_payload_is_noop:PASS
C:\ST\STM32CubeCLT_1.21.0\jtf407\test\test_led_dispatch.c:151:test_ping_sets_echo_flag:PASS
C:\ST\STM32CubeCLT_1.21.0\jtf407\test\test_led_dispatch.c:152:test_ping_with_empty_payload_still_echoes:PASS
C:\ST\STM32CubeCLT_1.21.0\jtf407\test\test_led_dispatch.c:153:test_unknown_topic_is_noop:PASS
C:\ST\STM32CubeCLT_1.21.0\jtf407\test\test_led_dispatch.c:154:test_partial_topic_match_is_noop:PASS
C:\ST\STM32CubeCLT_1.21.0\jtf407\test\test_led_dispatch.c:155:test_null_topic_is_noop:PASS
C:\ST\STM32CubeCLT_1.21.0\jtf407\test\test_led_dispatch.c:156:test_masks_dont_overlap:PASS

-----------------------
17 Tests 0 Failures 0 Ignored 
OK
<end of output>
Test time =   0.12 sec
----------------------------------------------------------
Test Passed.
"test_led_dispatch" end time: May 19 15:45 RTZ 4 (çèìà)
"test_led_dispatch" time elapsed: 00:00:00
----------------------------------------------------------

End testing: May 19 15:45 RTZ 4 (çèìà)
